<?xml version="1.0" encoding="UTF-8"?>
<!-- Generated by org.testng.reporters.JUnitXMLReporter -->
<testsuite ignored="16" hostname="DESKTOP-F27K7GE" failures="0" tests="4" name="verify latest version" time="1.383" errors="0" timestamp="2022-12-29T01:13:24 IST">
  <testcase classname="com.github.hemanthsridhar.tests.ExtTest" name="loginTest2" time="0.025"/>
  <testcase classname="com.github.hemanthsridhar.tests.ExtTest" name="loginTest2" time="0.02"/>
  <testcase classname="com.github.hemanthsridhar.tests.ExtTest" name="loginTest2" time="0.022"/>
  <testcase classname="com.github.hemanthsridhar.tests.ExtTest" name="loginTest2" time="0.023"/>
  <testcase classname="com.github.hemanthsridhar.tests.ExtTest" name="readIndividualDataFromXLSX" time="0.0">
    <ignored/>
  </testcase> <!-- readIndividualDataFromXLSX -->
  <testcase classname="com.github.hemanthsridhar.tests.ExtTest" name="randomCsvData" time="0.0">
    <ignored/>
  </testcase> <!-- randomCsvData -->
  <testcase classname="com.github.hemanthsridhar.tests.ExtTest" name="xlsxGetNumberOfRows" time="0.0">
    <ignored/>
  </testcase> <!-- xlsxGetNumberOfRows -->
  <testcase classname="com.github.hemanthsridhar.tests.ExtTest" name="excelReadFromASingleWorkbook" time="0.0">
    <ignored/>
  </testcase> <!-- excelReadFromASingleWorkbook -->
  <testcase classname="com.github.hemanthsridhar.tests.ExtTest" name="csvGetCellDataColName" time="0.0">
    <ignored/>
  </testcase> <!-- csvGetCellDataColName -->
  <testcase classname="com.github.hemanthsridhar.tests.ExtTest" name="randomXLSXData" time="0.0">
    <ignored/>
  </testcase> <!-- randomXLSXData -->
  <testcase classname="com.github.hemanthsridhar.tests.ExtTest" name="readIndividualDataFromXLS" time="0.0">
    <ignored/>
  </testcase> <!-- readIndividualDataFromXLS -->
  <testcase classname="com.github.hemanthsridhar.tests.ExtTest" name="xlsxColumnNames" time="0.0">
    <ignored/>
  </testcase> <!-- xlsxColumnNames -->
  <testcase classname="com.github.hemanthsridhar.tests.ExtTest" name="csvGetNumberOfRowsWithoutColumnNames" time="0.0">
    <ignored/>
  </testcase> <!-- csvGetNumberOfRowsWithoutColumnNames -->
  <testcase classname="com.github.hemanthsridhar.tests.ExtTest" name="csvDataReadWithoutColumnHeaders" time="0.0">
    <ignored/>
  </testcase> <!-- csvDataReadWithoutColumnHeaders -->
  <testcase classname="com.github.hemanthsridhar.tests.ExtTest" name="csvGetColumnNames" time="0.0">
    <ignored/>
  </testcase> <!-- csvGetColumnNames -->
  <testcase classname="com.github.hemanthsridhar.tests.ExtTest" name="csvGetCellData" time="0.0">
    <ignored/>
  </testcase> <!-- csvGetCellData -->
  <testcase classname="com.github.hemanthsridhar.tests.ExtTest" name="xlsxGetNumberOfColumns" time="0.0">
    <ignored/>
  </testcase> <!-- xlsxGetNumberOfColumns -->
  <testcase classname="com.github.hemanthsridhar.tests.ExtTest" name="csvRead" time="0.0">
    <ignored/>
  </testcase> <!-- csvRead -->
  <testcase classname="com.github.hemanthsridhar.tests.ExtTest" name="csvGetNumberOfRowsWithColumNames" time="0.0">
    <ignored/>
  </testcase> <!-- csvGetNumberOfRowsWithColumNames -->
  <testcase classname="com.github.hemanthsridhar.tests.ExtTest" name="csvGetColumnNamesWithoutHasColumnNamesInParseData" time="0.0">
    <ignored/>
  </testcase> <!-- csvGetColumnNamesWithoutHasColumnNamesInParseData -->
</testsuite> <!-- verify latest version -->
