<?xml version="1.0" encoding="UTF-8"?>
<!-- Generated by org.testng.reporters.JUnitXMLReporter -->
<testsuite ignored="0" hostname="SrinivasBinary" failures="0" tests="4" name="SuaceLabsTest" time="0.159" errors="0" timestamp="2023-03-28T19:35:13 IST">
  <testcase classname="pkgSeleniumDemo.sacueLabsAutomation" name="LoginTest" time="0.01"/>
  <testcase classname="pkgSeleniumDemo.sacueLabsAutomation" name="LoginTest" time="0.013"/>
  <testcase classname="pkgSeleniumDemo.sacueLabsAutomation" name="LoginTest" time="0.014"/>
  <testcase classname="pkgSeleniumDemo.sacueLabsAutomation" name="LogoutTest" time="0.006"/>
</testsuite> <!-- SuaceLabsTest -->
