<?xml version="1.0" encoding="UTF-8"?>
<testsuite xmlns:xsi="http://www.w3.org/2001/XMLSchema-instance" xsi:schemaLocation="https://maven.apache.org/surefire/maven-surefire-plugin/xsd/surefire-test-report.xsd" name="TestSuite" time="1.447" tests="4" errors="0" skipped="0" failures="0">
  <properties>
[...]
</properties>
  <testcase name="LoginTest" classname="pkgSeleniumDemo.sacueLabsAutomation" time="0.017"/>
  <testcase name="LoginTest" classname="pkgSeleniumDemo.sacueLabsAutomation" time="0.001"/>
  <testcase name="LoginTest" classname="pkgSeleniumDemo.sacueLabsAutomation" time="0"/>
  <testcase name="LogoutTest" classname="pkgSeleniumDemo.sacueLabsAutomation" time="0"/>
</testsuite>