<?xml version="1.0" encoding="UTF-8"?>
<testng-results ignored="0" total="4" passed="4" failed="0" skipped="0">
  <reporter-output>
  </reporter-output>
  <suite started-at="2023-03-28T19:35:13 IST" name="RegressionSuite" finished-at="2023-03-28T19:35:13 IST" duration-ms="159">
    <groups>
    </groups>
    <test started-at="2023-03-28T19:35:13 IST" name="SuaceLabsTest" finished-at="2023-03-28T19:35:13 IST" duration-ms="159">
      <class name="pkgSeleniumDemo.sacueLabsAutomation">
        <test-method is-config="true" signature="beforeSuite()[pri:0, instance:pkgSeleniumDemo.sacueLabsAutomation@4e096385]" started-at="2023-03-28T19:35:13 IST" name="beforeSuite" finished-at="2023-03-28T19:35:13 IST" duration-ms="18" status="PASS">
          <reporter-output>
          </reporter-output>
        </test-method> <!-- beforeSuite -->
        <test-method is-config="true" signature="beforeTest()[pri:0, instance:pkgSeleniumDemo.sacueLabsAutomation@4e096385]" started-at="2023-03-28T19:35:13 IST" name="beforeTest" finished-at="2023-03-28T19:35:13 IST" duration-ms="1" status="PASS">
          <reporter-output>
          </reporter-output>
        </test-method> <!-- beforeTest -->
        <test-method is-config="true" signature="beforeClass()[pri:0, instance:pkgSeleniumDemo.sacueLabsAutomation@4e096385]" started-at="2023-03-28T19:35:13 IST" name="beforeClass" finished-at="2023-03-28T19:35:13 IST" duration-ms="1" status="PASS">
          <reporter-output>
          </reporter-output>
        </test-method> <!-- beforeClass -->
        <test-method is-config="true" signature="beforeMethod()[pri:0, instance:pkgSeleniumDemo.sacueLabsAutomation@4e096385]" started-at="2023-03-28T19:35:13 IST" name="beforeMethod" finished-at="2023-03-28T19:35:13 IST" duration-ms="0" status="PASS">
          <reporter-output>
          </reporter-output>
        </test-method> <!-- beforeMethod -->
        <test-method signature="LoginTest(java.lang.String, java.lang.String)[pri:0, instance:pkgSeleniumDemo.sacueLabsAutomation@4e096385]" started-at="2023-03-28T19:35:13 IST" name="LoginTest" data-provider="dp" finished-at="2023-03-28T19:35:13 IST" duration-ms="10" status="PASS">
          <params>
            <param index="0">
              <value>
                <![CDATA[sauceLab1]]>
              </value>
            </param>
            <param index="1">
              <value>
                <![CDATA[xyz]]>
              </value>
            </param>
          </params>
          <reporter-output>
          </reporter-output>
        </test-method> <!-- LoginTest -->
        <test-method is-config="true" signature="afterMethod()[pri:0, instance:pkgSeleniumDemo.sacueLabsAutomation@4e096385]" started-at="2023-03-28T19:35:13 IST" name="afterMethod" finished-at="2023-03-28T19:35:13 IST" duration-ms="3" status="PASS">
          <reporter-output>
          </reporter-output>
        </test-method> <!-- afterMethod -->
        <test-method is-config="true" signature="beforeMethod()[pri:0, instance:pkgSeleniumDemo.sacueLabsAutomation@4e096385]" started-at="2023-03-28T19:35:13 IST" name="beforeMethod" finished-at="2023-03-28T19:35:13 IST" duration-ms="0" status="PASS">
          <reporter-output>
          </reporter-output>
        </test-method> <!-- beforeMethod -->
        <test-method signature="LoginTest(java.lang.String, java.lang.String)[pri:0, instance:pkgSeleniumDemo.sacueLabsAutomation@4e096385]" started-at="2023-03-28T19:35:13 IST" name="LoginTest" data-provider="dp" finished-at="2023-03-28T19:35:13 IST" duration-ms="13" status="PASS">
          <params>
            <param index="0">
              <value>
                <![CDATA[SauceLab2]]>
              </value>
            </param>
            <param index="1">
              <value>
                <![CDATA[abc]]>
              </value>
            </param>
          </params>
          <reporter-output>
          </reporter-output>
        </test-method> <!-- LoginTest -->
        <test-method is-config="true" signature="afterMethod()[pri:0, instance:pkgSeleniumDemo.sacueLabsAutomation@4e096385]" started-at="2023-03-28T19:35:13 IST" name="afterMethod" finished-at="2023-03-28T19:35:13 IST" duration-ms="3" status="PASS">
          <reporter-output>
          </reporter-output>
        </test-method> <!-- afterMethod -->
        <test-method is-config="true" signature="beforeMethod()[pri:0, instance:pkgSeleniumDemo.sacueLabsAutomation@4e096385]" started-at="2023-03-28T19:35:13 IST" name="beforeMethod" finished-at="2023-03-28T19:35:13 IST" duration-ms="1" status="PASS">
          <reporter-output>
          </reporter-output>
        </test-method> <!-- beforeMethod -->
        <test-method signature="LoginTest(java.lang.String, java.lang.String)[pri:0, instance:pkgSeleniumDemo.sacueLabsAutomation@4e096385]" started-at="2023-03-28T19:35:13 IST" name="LoginTest" data-provider="dp" finished-at="2023-03-28T19:35:13 IST" duration-ms="14" status="PASS">
          <params>
            <param index="0">
              <value>
                <![CDATA[SauceLab3]]>
              </value>
            </param>
            <param index="1">
              <value>
                <![CDATA[abc]]>
              </value>
            </param>
          </params>
          <reporter-output>
          </reporter-output>
        </test-method> <!-- LoginTest -->
        <test-method is-config="true" signature="afterMethod()[pri:0, instance:pkgSeleniumDemo.sacueLabsAutomation@4e096385]" started-at="2023-03-28T19:35:13 IST" name="afterMethod" finished-at="2023-03-28T19:35:13 IST" duration-ms="2" status="PASS">
          <reporter-output>
          </reporter-output>
        </test-method> <!-- afterMethod -->
        <test-method is-config="true" signature="beforeMethod()[pri:0, instance:pkgSeleniumDemo.sacueLabsAutomation@4e096385]" started-at="2023-03-28T19:35:13 IST" name="beforeMethod" finished-at="2023-03-28T19:35:13 IST" duration-ms="1" status="PASS">
          <reporter-output>
          </reporter-output>
        </test-method> <!-- beforeMethod -->
        <test-method signature="LogoutTest()[pri:0, instance:pkgSeleniumDemo.sacueLabsAutomation@4e096385]" started-at="2023-03-28T19:35:13 IST" name="LogoutTest" finished-at="2023-03-28T19:35:13 IST" duration-ms="6" status="PASS">
          <reporter-output>
          </reporter-output>
        </test-method> <!-- LogoutTest -->
        <test-method is-config="true" signature="afterMethod()[pri:0, instance:pkgSeleniumDemo.sacueLabsAutomation@4e096385]" started-at="2023-03-28T19:35:13 IST" name="afterMethod" finished-at="2023-03-28T19:35:13 IST" duration-ms="2" status="PASS">
          <reporter-output>
          </reporter-output>
        </test-method> <!-- afterMethod -->
        <test-method is-config="true" signature="afterClass()[pri:0, instance:pkgSeleniumDemo.sacueLabsAutomation@4e096385]" started-at="2023-03-28T19:35:13 IST" name="afterClass" finished-at="2023-03-28T19:35:13 IST" duration-ms="3" status="PASS">
          <reporter-output>
          </reporter-output>
        </test-method> <!-- afterClass -->
        <test-method is-config="true" signature="afterTest()[pri:0, instance:pkgSeleniumDemo.sacueLabsAutomation@4e096385]" started-at="2023-03-28T19:35:13 IST" name="afterTest" finished-at="2023-03-28T19:35:13 IST" duration-ms="2" status="PASS">
          <reporter-output>
          </reporter-output>
        </test-method> <!-- afterTest -->
        <test-method is-config="true" signature="afterSuite()[pri:0, instance:pkgSeleniumDemo.sacueLabsAutomation@4e096385]" started-at="2023-03-28T19:35:13 IST" name="afterSuite" finished-at="2023-03-28T19:35:13 IST" duration-ms="0" status="PASS">
          <reporter-output>
          </reporter-output>
        </test-method> <!-- afterSuite -->
      </class> <!-- pkgSeleniumDemo.sacueLabsAutomation -->
    </test> <!-- SuaceLabsTest -->
  </suite> <!-- RegressionSuite -->
</testng-results>
