<?xml version="1.0" encoding="UTF-8"?>
<!-- Generated by org.testng.reporters.JUnitXMLReporter -->
<testsuite ignored="0" hostname="SrinivasBinary" failures="0" tests="8" name="SauceLabsTestCase" time="36.595" errors="0" timestamp="2023-03-27T20:32:27 IST">
  <testcase classname="pkgTests.TestHomePage" name="TC_HOmepage" time="0.071"/>
  <testcase classname="pkgTests.TestLogin" name="TC_Homepage" time="0.052"/>
  <testcase classname="pkgTests.TestLogin" name="TC_Loginpage" time="0.51"/>
  <testcase classname="pkgTests.TestAddProduct" name="TC_Homepage" time="0.048"/>
  <testcase classname="pkgTests.TestAddProduct" name="TC_Loginpage" time="0.52"/>
  <testcase classname="pkgTests.TestAddProduct" name="TC_AddProductspage" time="5.168"/>
  <testcase classname="pkgTests.TestAddProduct" name="TC_checkout" time="0.214"/>
  <testcase classname="pkgTests.TestAddProduct" name="TC_customerInfo" time="5.427"/>
</testsuite> <!-- SauceLabsTestCase -->
