<?xml version="1.0" encoding="UTF-8"?>
<!-- Generated by org.testng.reporters.JUnitXMLReporter -->
<testsuite ignored="0" hostname="SrinivasBinary" failures="0" tests="3" name="Default test" time="0.13" errors="0" timestamp="2023-03-23T21:56:50 IST">
  <testcase classname="pkgSeleniumDemo.sacueLabsAutomation" name="LoginTest" time="0.009"/>
  <testcase classname="pkgSeleniumDemo.sacueLabsAutomation" name="LoginTest" time="0.011"/>
  <testcase classname="pkgSeleniumDemo.sacueLabsAutomation" name="LoginTest" time="0.01"/>
</testsuite> <!-- Default test -->
