<?xml version="1.0" encoding="UTF-8"?>
<!-- Generated by org.testng.reporters.JUnitXMLReporter -->
<testsuite ignored="0" hostname="SrinivasBinary" failures="0" tests="4" name="SuaceLabsTest" time="0.088" errors="0" timestamp="2023-12-16T09:40:26 IST">
  <testcase classname="pkgSeleniumDemo.sacueLabsAutomation" name="LoginTest" time="0.004"/>
  <testcase classname="pkgSeleniumDemo.sacueLabsAutomation" name="LoginTest" time="0.0"/>
  <testcase classname="pkgSeleniumDemo.sacueLabsAutomation" name="LoginTest" time="0.0"/>
  <testcase classname="pkgSeleniumDemo.sacueLabsAutomation" name="LogoutTest" time="0.0"/>
</testsuite> <!-- SuaceLabsTest -->
